0 info it worked if it ends with ok
1 verbose cli [ 'node', '/usr/local/bin/npm', 'install', 'modemailer', '--save' ]
2 info using npm@1.3.14
3 info using node@v0.10.22
4 verbose readDependencies using package.json deps
5 verbose cache add [ 'modemailer', null ]
6 verbose cache add name=undefined spec="modemailer" args=["modemailer",null]
7 verbose parsed url { protocol: null,
7 verbose parsed url   slashes: null,
7 verbose parsed url   auth: null,
7 verbose parsed url   host: null,
7 verbose parsed url   port: null,
7 verbose parsed url   hostname: null,
7 verbose parsed url   hash: null,
7 verbose parsed url   search: null,
7 verbose parsed url   query: null,
7 verbose parsed url   pathname: 'modemailer',
7 verbose parsed url   path: 'modemailer',
7 verbose parsed url   href: 'modemailer' }
8 silly lockFile bca53a55-modemailer modemailer
9 verbose lock modemailer /Users/mgrin/.npm/bca53a55-modemailer.lock
10 silly lockFile bca53a55-modemailer modemailer
11 silly lockFile bca53a55-modemailer modemailer
12 verbose addNamed [ 'modemailer', '' ]
13 verbose addNamed [ null, '*' ]
14 silly lockFile 8f77d8a8-modemailer modemailer@
15 verbose lock modemailer@ /Users/mgrin/.npm/8f77d8a8-modemailer.lock
16 silly addNameRange { name: 'modemailer', range: '*', hasData: false }
17 verbose url raw modemailer
18 verbose url resolving [ 'https://registry.npmjs.org/', './modemailer' ]
19 verbose url resolved https://registry.npmjs.org/modemailer
20 info trying registry request attempt 1 at 13:26:43
21 http GET https://registry.npmjs.org/modemailer
22 http 404 https://registry.npmjs.org/modemailer
23 silly registry.get cb [ 404,
23 silly registry.get   { date: 'Wed, 19 Mar 2014 12:26:43 GMT',
23 silly registry.get     server: 'CouchDB/1.5.0 (Erlang OTP/R14B04)',
23 silly registry.get     'content-type': 'application/json',
23 silly registry.get     via: '1.1 varnish',
23 silly registry.get     'cache-control': 'max-age=0',
23 silly registry.get     'content-length': '52',
23 silly registry.get     'accept-ranges': 'bytes',
23 silly registry.get     age: '0',
23 silly registry.get     'x-served-by': 'cache-v44-ASH, cache-fra1231-FRA',
23 silly registry.get     'x-cache': 'MISS, MISS',
23 silly registry.get     'x-cache-hits': '0, 0',
23 silly registry.get     'x-timer': 'S1395232003.324290514,VS0,VS-347,VE-239,VE207',
23 silly registry.get     'keep-alive': 'timeout=10, max=50',
23 silly registry.get     connection: 'Keep-Alive' } ]
24 silly lockFile 8f77d8a8-modemailer modemailer@
25 silly lockFile 8f77d8a8-modemailer modemailer@
26 error 404 'modemailer' is not in the npm registry.
26 error 404 You should bug the author to publish it
26 error 404
26 error 404 Note that you can also install from a
26 error 404 tarball, folder, or http url, or git url.
27 error System Darwin 13.1.0
28 error command "node" "/usr/local/bin/npm" "install" "modemailer" "--save"
29 error cwd /Users/mgrin/Projects/WitKen/Site
30 error node -v v0.10.22
31 error npm -v 1.3.14
32 error code E404
33 verbose exit [ 1, true ]
